0 info it worked if it ends with ok
1 verbose cli [ '/home/dimasik/Environment/Node4.4.7/bin/node',
1 verbose cli   '/usr/local/bin/npm',
1 verbose cli   'start' ]
2 info using npm@3.10.5
3 info using node@v4.4.7
4 verbose run-script [ 'prestart', 'start', 'poststart' ]
5 info lifecycle WebPortalAnalyzer-Client@1.0.0~prestart: WebPortalAnalyzer-Client@1.0.0
6 silly lifecycle WebPortalAnalyzer-Client@1.0.0~prestart: no script for prestart, continuing
7 info lifecycle WebPortalAnalyzer-Client@1.0.0~start: WebPortalAnalyzer-Client@1.0.0
8 verbose lifecycle WebPortalAnalyzer-Client@1.0.0~start: unsafe-perm in lifecycle true
9 verbose lifecycle WebPortalAnalyzer-Client@1.0.0~start: PATH: /home/dimasik/Environment/Node4.4.7/lib/node_modules/npm/bin/node-gyp-bin:/home/dimasik/Projects/WebPortalAnalyzer/src/main/webapp/client/node_modules/.bin:/home/dimasik/Environment/Node4.4.7/bin:/usr/local/sbin:/usr/local/bin:/usr/sbin:/usr/bin:/sbin:/bin:/usr/games:/usr/local/games:/snap/bin
10 verbose lifecycle WebPortalAnalyzer-Client@1.0.0~start: CWD: /home/dimasik/Projects/WebPortalAnalyzer/src/main/webapp/client
11 silly lifecycle WebPortalAnalyzer-Client@1.0.0~start: Args: [ '-c', 'tsc && concurrently "npm run tsc:w" "npm run lite" ' ]
12 silly lifecycle WebPortalAnalyzer-Client@1.0.0~start: Returned: code: 2  signal: null
13 info lifecycle WebPortalAnalyzer-Client@1.0.0~start: Failed to exec start script
14 verbose stack Error: WebPortalAnalyzer-Client@1.0.0 start: `tsc && concurrently "npm run tsc:w" "npm run lite" `
14 verbose stack Exit status 2
14 verbose stack     at EventEmitter.<anonymous> (/home/dimasik/Environment/Node4.4.7/lib/node_modules/npm/lib/utils/lifecycle.js:242:16)
14 verbose stack     at emitTwo (events.js:87:13)
14 verbose stack     at EventEmitter.emit (events.js:172:7)
14 verbose stack     at ChildProcess.<anonymous> (/home/dimasik/Environment/Node4.4.7/lib/node_modules/npm/lib/utils/spawn.js:40:14)
14 verbose stack     at emitTwo (events.js:87:13)
14 verbose stack     at ChildProcess.emit (events.js:172:7)
14 verbose stack     at maybeClose (internal/child_process.js:827:16)
14 verbose stack     at Process.ChildProcess._handle.onexit (internal/child_process.js:211:5)
15 verbose pkgid WebPortalAnalyzer-Client@1.0.0
16 verbose cwd /home/dimasik/Projects/WebPortalAnalyzer/src/main/webapp/client
17 error Linux 4.4.0-34-generic
18 error argv "/home/dimasik/Environment/Node4.4.7/bin/node" "/usr/local/bin/npm" "start"
19 error node v4.4.7
20 error npm  v3.10.5
21 error code ELIFECYCLE
22 error WebPortalAnalyzer-Client@1.0.0 start: `tsc && concurrently "npm run tsc:w" "npm run lite" `
22 error Exit status 2
23 error Failed at the WebPortalAnalyzer-Client@1.0.0 start script 'tsc && concurrently "npm run tsc:w" "npm run lite" '.
23 error Make sure you have the latest version of node.js and npm installed.
23 error If you do, this is most likely a problem with the WebPortalAnalyzer-Client package,
23 error not with npm itself.
23 error Tell the author that this fails on your system:
23 error     tsc && concurrently "npm run tsc:w" "npm run lite"
23 error You can get information on how to open an issue for this project with:
23 error     npm bugs WebPortalAnalyzer-Client
23 error Or if that isn't available, you can get their info via:
23 error     npm owner ls WebPortalAnalyzer-Client
23 error There is likely additional logging output above.
24 verbose exit [ 1, true ]
